<?xml version="1.0" encoding="UTF-8"?>
<robot generator="Robot 7.1.1 (Python 3.11.0 on win32)" generated="2025-03-11T12:37:51.498415" rpa="true" schemaversion="5">
<suite id="s1" name="Unit Test Train" source="C:\BitsPilani\dissertation\robot_ocr\unit_test\unit_test_train.robot">
<test id="s1-t1" name="Unit Test" line="5">
<kw name="Fine Tune Model" owner="main">
<msg time="2025-03-11T12:37:55.790535" level="WARN">
Data folder should contain at least 5000 images</msg>
<msg time="2025-03-11T12:37:55.792591" level="FAIL">Data folder should contain at least 5000 images</msg>
<status status="FAIL" start="2025-03-11T12:37:55.790535" elapsed="0.002056">Data folder should contain at least 5000 images</status>
</kw>
<doc>Unit Test For Fine Tuning Model</doc>
<status status="FAIL" start="2025-03-11T12:37:55.789419" elapsed="0.004186">Data folder should contain at least 5000 images</status>
</test>
<status status="FAIL" start="2025-03-11T12:37:51.502889" elapsed="4.291714"/>
</suite>
<statistics>
<total>
<stat pass="0" fail="1" skip="0">All Tasks</stat>
</total>
<tag>
</tag>
<suite>
<stat pass="0" fail="1" skip="0" id="s1" name="Unit Test Train">Unit Test Train</stat>
</suite>
</statistics>
<errors>
<msg time="2025-03-11T12:37:55.790535" level="WARN">
Data folder should contain at least 5000 images</msg>
</errors>
</robot>
